Log file created at: 2022/05/20 09:37:14  PID: 8908
Running on machine: DESKTOP-82BH9UG
Log line format: [IWEF]mmdd hh:mm:ss.uuuuuu threadid file:line] msg
I0520 09:37:14.914237  8580 code_page.cpp:268] in function[Unisound::OutputDebugPrintf], version: V1.0.1 
 
I0520 09:37:42.598532  8580 UniOneDebugToolDlg.cpp:957] in function[CUniOneDebugToolDlg::StartBurn], opening Serial Port 4 
I0520 09:37:47.811339  8580 UniOneDebugToolDlg.cpp:957] in function[CUniOneDebugToolDlg::StartBurn], opening Serial Port 7 
I0520 09:37:47.814296  8580 code_page.cpp:268] in function[Unisound::OutputDebugPrintf], COM put_setting 921600, N, 8, 1 port:7 
 
I0520 09:37:59.451095  6756 code_page.cpp:268] in function[Unisound::OutputDebugPrintf], COM7 XmodermSendFile detected CCC, start send file 
 
I0520 09:37:59.451095  6756 code_page.cpp:268] in function[Unisound::OutputDebugPrintf], COM7 ReadSendFile C:\Users\giorgio\Desktop\英韓\jx_firm\jx_su_03t_release_update.bin m_iTransferTimes file not exist 0 
 
Log file created at: 2022/05/20 15:30:50  PID: 26916
Running on machine: DESKTOP-82BH9UG
Log line format: [IWEF]mmdd hh:mm:ss.uuuuuu threadid file:line] msg
I0520 15:30:50.726670  7672 code_page.cpp:268] in function[Unisound::OutputDebugPrintf], version: V1.0.1 
 
I0520 15:30:57.866569  7672 UniOneDebugToolDlg.cpp:957] in function[CUniOneDebugToolDlg::StartBurn], opening Serial Port 4 
I0520 15:31:03.103771  7672 UniOneDebugToolDlg.cpp:957] in function[CUniOneDebugToolDlg::StartBurn], opening Serial Port 7 
I0520 15:31:03.107764  7672 code_page.cpp:268] in function[Unisound::OutputDebugPrintf], COM put_setting 921600, N, 8, 1 port:7 
 
I0520 15:31:07.228452  6996 code_page.cpp:268] in function[Unisound::OutputDebugPrintf], COM7 XmodermSendFile detected CCC, start send file 
 
I0520 15:31:07.235433  6996 code_page.cpp:268] in function[Unisound::OutputDebugPrintf], COM7 ReadSendFile C:\Users\giorgio\Desktop\LineageW_Auto_Recall\src\v5\jx_firm\jx_su_03t_release_update.bin m_iTransferTimes finished 1427 
 
Log file created at: 2022/05/20 15:31:21  PID: 8536
Running on machine: DESKTOP-82BH9UG
Log line format: [IWEF]mmdd hh:mm:ss.uuuuuu threadid file:line] msg
I0520 15:31:21.858917  7412 code_page.cpp:268] in function[Unisound::OutputDebugPrintf], version: V1.0.1 
 
I0520 15:31:32.403272  7412 UniOneDebugToolDlg.cpp:957] in function[CUniOneDebugToolDlg::StartBurn], opening Serial Port 4 
I0520 15:31:37.604003  7412 UniOneDebugToolDlg.cpp:957] in function[CUniOneDebugToolDlg::StartBurn], opening Serial Port 7 
I0520 15:31:37.607993  7412 code_page.cpp:268] in function[Unisound::OutputDebugPrintf], COM put_setting 921600, N, 8, 1 port:7 
 
I0520 15:31:38.550472  3028 code_page.cpp:268] in function[Unisound::OutputDebugPrintf], COM7 XmodermSendFile detected CCC, start send file 
 
I0520 15:31:38.558450  3028 code_page.cpp:268] in function[Unisound::OutputDebugPrintf], COM7 ReadSendFile C:\Users\giorgio\Desktop\LineageW_Auto_Recall\src\v5\uni_hb_m_solution\image_demo\Hummingbird-M-Update-Tool\uni_app_release_update.bin m_iTransferTimes finished 1525 
 
I0520 15:31:47.293205  7412 UniOneDebugToolDlg.cpp:957] in function[CUniOneDebugToolDlg::StartBurn], opening Serial Port 4 
I0520 15:31:52.479353  7412 UniOneDebugToolDlg.cpp:957] in function[CUniOneDebugToolDlg::StartBurn], opening Serial Port 7 
Log file created at: 2022/05/20 15:32:07  PID: 3908
Running on machine: DESKTOP-82BH9UG
Log line format: [IWEF]mmdd hh:mm:ss.uuuuuu threadid file:line] msg
I0520 15:32:07.657079 18764 code_page.cpp:268] in function[Unisound::OutputDebugPrintf], version: V1.0.1 
 
I0520 15:32:14.203047 18764 UniOneDebugToolDlg.cpp:957] in function[CUniOneDebugToolDlg::StartBurn], opening Serial Port 4 
I0520 15:32:19.398150 18764 UniOneDebugToolDlg.cpp:957] in function[CUniOneDebugToolDlg::StartBurn], opening Serial Port 7 
I0520 15:32:19.401145 18764 code_page.cpp:268] in function[Unisound::OutputDebugPrintf], COM put_setting 921600, N, 8, 1 port:7 
 
I0520 15:32:20.404682 16956 code_page.cpp:268] in function[Unisound::OutputDebugPrintf], COM7 XmodermSendFile detected CCC, start send file 
 
I0520 15:32:20.405699 16956 code_page.cpp:268] in function[Unisound::OutputDebugPrintf], COM7 ReadSendFile C:\Users\giorgio\Desktop\LineageW_Auto_Recall\src\v5\jx_firm\jx_su_03t_release_update.bin m_iTransferTimes finished 1427 
 
I0520 15:32:20.985129 16956 code_page.cpp:268] in function[Unisound::OutputDebugPrintf], COM7 xmoderm recv unknown 0x00 
 
I0520 15:32:21.196575 16956 code_page.cpp:268] in function[Unisound::OutputDebugPrintf], COM7 xmoderm recv unknown 0xff 
 
Log file created at: 2022/05/20 15:32:28  PID: 11768
Running on machine: DESKTOP-82BH9UG
Log line format: [IWEF]mmdd hh:mm:ss.uuuuuu threadid file:line] msg
I0520 15:32:28.134203  6660 code_page.cpp:268] in function[Unisound::OutputDebugPrintf], version: V1.0.1 
 
I0520 15:32:34.554412  6660 UniOneDebugToolDlg.cpp:957] in function[CUniOneDebugToolDlg::StartBurn], opening Serial Port 4 
I0520 15:32:39.753590  6660 UniOneDebugToolDlg.cpp:957] in function[CUniOneDebugToolDlg::StartBurn], opening Serial Port 7 
I0520 15:32:39.757576  6660 code_page.cpp:268] in function[Unisound::OutputDebugPrintf], COM put_setting 921600, N, 8, 1 port:7 
 
I0520 15:32:40.900969  2728 code_page.cpp:268] in function[Unisound::OutputDebugPrintf], COM7 XmodermSendFile detected CCC, start send file 
 
I0520 15:32:40.901937  2728 code_page.cpp:268] in function[Unisound::OutputDebugPrintf], COM7 ReadSendFile uni_app_release_update.bin m_iTransferTimes finished 1525 
 
Log file created at: 2022/05/20 15:58:21  PID: 19808
Running on machine: DESKTOP-82BH9UG
Log line format: [IWEF]mmdd hh:mm:ss.uuuuuu threadid file:line] msg
I0520 15:58:21.553406  6984 code_page.cpp:268] in function[Unisound::OutputDebugPrintf], version: V1.0.1 
 
I0520 15:59:34.878459  6984 UniOneDebugToolDlg.cpp:957] in function[CUniOneDebugToolDlg::StartBurn], opening Serial Port 4 
I0520 15:59:40.076840  6984 UniOneDebugToolDlg.cpp:957] in function[CUniOneDebugToolDlg::StartBurn], opening Serial Port 7 
I0520 15:59:40.079831  6984 code_page.cpp:268] in function[Unisound::OutputDebugPrintf], COM put_setting 921600, N, 8, 1 port:7 
 
I0520 16:00:05.958752 16300 code_page.cpp:268] in function[Unisound::OutputDebugPrintf], COM7 XmodermSendFile detected CCC, start send file 
 
I0520 16:00:05.959749 16300 code_page.cpp:268] in function[Unisound::OutputDebugPrintf], COM7 ReadSendFile C:\Users\giorgio\Desktop\LineageW_Auto_Recall\src\v5\jx_firm\jx_su_03t_release_update.bin m_iTransferTimes finished 1427 
 
Log file created at: 2022/05/20 16:50:51  PID: 32
Running on machine: DESKTOP-82BH9UG
Log line format: [IWEF]mmdd hh:mm:ss.uuuuuu threadid file:line] msg
I0520 16:50:51.473377 16472 code_page.cpp:268] in function[Unisound::OutputDebugPrintf], version: V1.0.1 
 
I0520 16:51:18.874269 16472 UniOneDebugToolDlg.cpp:957] in function[CUniOneDebugToolDlg::StartBurn], opening Serial Port 4 
I0520 16:51:24.090848 16472 UniOneDebugToolDlg.cpp:957] in function[CUniOneDebugToolDlg::StartBurn], opening Serial Port 7 
I0520 16:51:24.093840 16472 code_page.cpp:268] in function[Unisound::OutputDebugPrintf], COM put_setting 921600, N, 8, 1 port:7 
 
I0520 16:51:30.483125 13516 code_page.cpp:268] in function[Unisound::OutputDebugPrintf], COM7 XmodermSendFile detected CCC, start send file 
 
I0520 16:51:30.484123 13516 code_page.cpp:268] in function[Unisound::OutputDebugPrintf], COM7 ReadSendFile C:\Users\giorgio\Desktop\LineageW_Auto_Recall\src\v5\jx_firm\jx_su_03t_release_update.bin m_iTransferTimes finished 1427 
 
I0520 17:24:57.748751 16472 UniOneDebugToolDlg.cpp:957] in function[CUniOneDebugToolDlg::StartBurn], opening Serial Port 4 
I0520 17:25:13.391713 16472 UniOneDebugToolDlg.cpp:957] in function[CUniOneDebugToolDlg::StartBurn], opening Serial Port 4 
I0520 17:25:18.588021 16472 UniOneDebugToolDlg.cpp:957] in function[CUniOneDebugToolDlg::StartBurn], opening Serial Port 7 
I0520 17:25:18.591013 16472 code_page.cpp:268] in function[Unisound::OutputDebugPrintf], COM put_setting 921600, N, 8, 1 port:7 
 
I0520 17:25:21.840054 13516 code_page.cpp:268] in function[Unisound::OutputDebugPrintf], COM7 XmodermSendFile detected CCC, start send file 
 
I0520 17:25:21.842048 13516 code_page.cpp:268] in function[Unisound::OutputDebugPrintf], COM7 ReadSendFile C:\Users\giorgio\Desktop\LineageW_Auto_Recall\src\v5\jx_firm\jx_su_03t_release_update.bin m_iTransferTimes finished 1427 
 
I0520 18:06:11.542819 16472 UniOneDebugToolDlg.cpp:957] in function[CUniOneDebugToolDlg::StartBurn], opening Serial Port 4 
I0520 18:06:16.737565 16472 UniOneDebugToolDlg.cpp:957] in function[CUniOneDebugToolDlg::StartBurn], opening Serial Port 7 
I0520 18:06:16.740571 16472 code_page.cpp:268] in function[Unisound::OutputDebugPrintf], COM put_setting 921600, N, 8, 1 port:7 
 
I0520 18:06:26.183861 13516 code_page.cpp:268] in function[Unisound::OutputDebugPrintf], COM7 XmodermSendFile detected CCC, start send file 
 
I0520 18:06:26.184859 13516 code_page.cpp:268] in function[Unisound::OutputDebugPrintf], COM7 ReadSendFile C:\Users\giorgio\Desktop\LineageW_Auto_Recall\src\v5\jx_firm\jx_su_03t_release_update.bin m_iTransferTimes finished 1427 
 
I0520 18:07:24.072810 16472 UniOneDebugToolDlg.cpp:957] in function[CUniOneDebugToolDlg::StartBurn], opening Serial Port 4 
I0520 18:07:29.272473 16472 UniOneDebugToolDlg.cpp:957] in function[CUniOneDebugToolDlg::StartBurn], opening Serial Port 7 
I0520 18:07:29.274467 16472 code_page.cpp:268] in function[Unisound::OutputDebugPrintf], COM put_setting 921600, N, 8, 1 port:7 
 
I0520 18:07:40.027451 13516 code_page.cpp:268] in function[Unisound::OutputDebugPrintf], COM7 XmodermSendFile detected CCC, start send file 
 
I0520 18:07:40.030445 13516 code_page.cpp:268] in function[Unisound::OutputDebugPrintf], COM7 ReadSendFile C:\Users\giorgio\Desktop\LineageW_Auto_Recall\src\v5\jx_firm\jx_su_03t_release_update.bin m_iTransferTimes finished 1427 
 
