Log file created at: 2022/06/04 03:15:32  PID: 15712
Running on machine: DESKTOP-82BH9UG
Log line format: [IWEF]mmdd hh:mm:ss.uuuuuu threadid file:line] msg
I0604 03:15:32.670589  5676 code_page.cpp:268] in function[Unisound::OutputDebugPrintf], version: V1.0.1 
 
I0604 03:15:43.182454  5676 UniOneDebugToolDlg.cpp:957] in function[CUniOneDebugToolDlg::StartBurn], opening Serial Port 4 
I0604 03:15:48.376749  5676 UniOneDebugToolDlg.cpp:957] in function[CUniOneDebugToolDlg::StartBurn], opening Serial Port 7 
I0604 03:15:48.379752  5676 code_page.cpp:268] in function[Unisound::OutputDebugPrintf], COM put_setting 921600, N, 8, 1 port:7 
 
Log file created at: 2022/06/04 03:19:45  PID: 13256
Running on machine: DESKTOP-82BH9UG
Log line format: [IWEF]mmdd hh:mm:ss.uuuuuu threadid file:line] msg
I0604 03:19:45.093400  3256 code_page.cpp:268] in function[Unisound::OutputDebugPrintf], version: V1.0.1 
 
I0604 03:20:16.581336  3256 UniOneDebugToolDlg.cpp:957] in function[CUniOneDebugToolDlg::StartBurn], opening Serial Port 4 
I0604 03:20:21.769925  3256 UniOneDebugToolDlg.cpp:957] in function[CUniOneDebugToolDlg::StartBurn], opening Serial Port 7 
I0604 03:20:21.771934  3256 code_page.cpp:268] in function[Unisound::OutputDebugPrintf], COM put_setting 921600, N, 8, 1 port:7 
 
I0604 03:22:09.857290  3256 UniOneDebugToolDlg.cpp:957] in function[CUniOneDebugToolDlg::StartBurn], opening Serial Port 4 
I0604 03:22:15.050276  3256 UniOneDebugToolDlg.cpp:957] in function[CUniOneDebugToolDlg::StartBurn], opening Serial Port 8 
I0604 03:22:15.053283  3256 code_page.cpp:268] in function[Unisound::OutputDebugPrintf], COM put_setting 921600, N, 8, 1 port:8 
 
Log file created at: 2022/06/04 03:23:03  PID: 17208
Running on machine: DESKTOP-82BH9UG
Log line format: [IWEF]mmdd hh:mm:ss.uuuuuu threadid file:line] msg
I0604 03:23:03.053057  9340 code_page.cpp:268] in function[Unisound::OutputDebugPrintf], version: V1.0.1 
 
I0604 03:23:04.779533  9340 UniOneDebugToolDlg.cpp:957] in function[CUniOneDebugToolDlg::StartBurn], opening Serial Port 4 
I0604 03:23:09.971563  9340 UniOneDebugToolDlg.cpp:957] in function[CUniOneDebugToolDlg::StartBurn], opening Serial Port 8 
I0604 03:23:09.977553  9340 code_page.cpp:268] in function[Unisound::OutputDebugPrintf], COM put_setting 921600, N, 8, 1 port:8 
 
I0604 03:25:45.794399  9340 UniOneDebugToolDlg.cpp:957] in function[CUniOneDebugToolDlg::StartBurn], opening Serial Port 4 
I0604 03:25:50.984546  9340 UniOneDebugToolDlg.cpp:957] in function[CUniOneDebugToolDlg::StartBurn], opening Serial Port 8 
I0604 03:25:50.987664  9340 code_page.cpp:268] in function[Unisound::OutputDebugPrintf], COM put_setting 921600, N, 8, 1 port:8 
 
